INFO:root:aviso gps_Cryosat-2_2019 group 0 storred in /home/datawork-lops-osi/aponte/margot/historical_coloc/aviso_gps_Cryosat-2_2019_0.zarr
INFO:root:aviso gps_Cryosat-2_2019 group 1 storred in /home/datawork-lops-osi/aponte/margot/historical_coloc/aviso_gps_Cryosat-2_2019_1.zarr
INFO:root:end processing gps_Cryosat-2_2019
INFO:root:start processing argos_Cryosat-2_2019
INFO:root:aviso argos_Cryosat-2_2019 group 0 storred in /home/datawork-lops-osi/aponte/margot/historical_coloc/aviso_argos_Cryosat-2_2019_0.zarr
INFO:root:end processing argos_Cryosat-2_2019
INFO:root:start processing gps_Sentinel-3_A_2019
INFO:root:aviso gps_Sentinel-3_A_2019 group 0 storred in /home/datawork-lops-osi/aponte/margot/historical_coloc/aviso_gps_Sentinel-3_A_2019_0.zarr
INFO:root:aviso gps_Sentinel-3_A_2019 group 1 storred in /home/datawork-lops-osi/aponte/margot/historical_coloc/aviso_gps_Sentinel-3_A_2019_1.zarr
INFO:root:aviso gps_Sentinel-3_A_2019 group 2 storred in /home/datawork-lops-osi/aponte/margot/historical_coloc/aviso_gps_Sentinel-3_A_2019_2.zarr
INFO:root:aviso gps_Sentinel-3_A_2019 group 3 storred in /home/datawork-lops-osi/aponte/margot/historical_coloc/aviso_gps_Sentinel-3_A_2019_3.zarr
INFO:root:end processing gps_Sentinel-3_A_2019
INFO:root:start processing argos_Sentinel-3_A_2019
INFO:root:aviso argos_Sentinel-3_A_2019 group 0 storred in /home/datawork-lops-osi/aponte/margot/historical_coloc/aviso_argos_Sentinel-3_A_2019_0.zarr
INFO:root:end processing argos_Sentinel-3_A_2019
INFO:root:start processing gps_Sentinel-3_B_2019
INFO:root:aviso gps_Sentinel-3_B_2019 group 0 storred in /home/datawork-lops-osi/aponte/margot/historical_coloc/aviso_gps_Sentinel-3_B_2019_0.zarr
INFO:root:aviso gps_Sentinel-3_B_2019 group 1 storred in /home/datawork-lops-osi/aponte/margot/historical_coloc/aviso_gps_Sentinel-3_B_2019_1.zarr
INFO:root:end processing gps_Sentinel-3_B_2019
INFO:root:start processing argos_Sentinel-3_B_2019
INFO:root:aviso argos_Sentinel-3_B_2019 group 0 storred in /home/datawork-lops-osi/aponte/margot/historical_coloc/aviso_argos_Sentinel-3_B_2019_0.zarr
INFO:root:end processing argos_Sentinel-3_B_2019
INFO:root:start processing gps_Jason-3_2018
INFO:root:start spinning up dask cluster, jobs=10
INFO:root:start spinning up dask cluster, jobs=10
INFO:root:dashboard via ssh: ssh -N -L 8787:r1i1n9:8787 mdemol@datarmor1-10g
INFO:root:open browser at address of the type: http://localhost:8787
INFO:root:start processing gps_Jason-3_2018
INFO:root:aviso gps_Jason-3_2018 group 0 storred in /home/datawork-lops-osi/aponte/margot/historical_coloc/aviso_gps_Jason-3_2018_0.zarr
INFO:root:aviso gps_Jason-3_2018 group 1 storred in /home/datawork-lops-osi/aponte/margot/historical_coloc/aviso_gps_Jason-3_2018_1.zarr
INFO:root:end processing gps_Jason-3_2018
INFO:root:start processing argos_Jason-3_2018
INFO:root:aviso argos_Jason-3_2018 group 0 storred in /home/datawork-lops-osi/aponte/margot/historical_coloc/aviso_argos_Jason-3_2018_0.zarr
INFO:root:end processing argos_Jason-3_2018
INFO:root:start processing gps_SARAL_2018
INFO:root:aviso gps_SARAL_2018 group 0 storred in /home/datawork-lops-osi/aponte/margot/historical_coloc/aviso_gps_SARAL_2018_0.zarr
INFO:root:aviso gps_SARAL_2018 group 1 storred in /home/datawork-lops-osi/aponte/margot/historical_coloc/aviso_gps_SARAL_2018_1.zarr
INFO:root:end processing gps_SARAL_2018
INFO:root:start processing argos_SARAL_2018
INFO:root:aviso argos_SARAL_2018 group 0 storred in /home/datawork-lops-osi/aponte/margot/historical_coloc/aviso_argos_SARAL_2018_0.zarr
INFO:root:end processing argos_SARAL_2018
INFO:root:start processing gps_Cryosat-2_2018
INFO:root:aviso gps_Cryosat-2_2018 group 0 storred in /home/datawork-lops-osi/aponte/margot/historical_coloc/aviso_gps_Cryosat-2_2018_0.zarr
